<configurator>
    <setters>
        <setter field="hello">hello.123</setter>
    </setters>
</configurator>